2019-04-10 05:39:09<xml><ToUserName><![CDATA[gh_c2febf46884d]]></ToUserName>
<FromUserName><![CDATA[ogqLA58RDsUSBvWn75qGIMMgLei0]]></FromUserName>
<CreateTime>1554874749</CreateTime>
<MsgType><![CDATA[event]]></MsgType>
<Event><![CDATA[subscribe]]></Event>
<EventKey><![CDATA[]]></EventKey>
</xml>
2019-04-10 05:40:47<xml><ToUserName><![CDATA[gh_c2febf46884d]]></ToUserName>
<FromUserName><![CDATA[ogqLA58RDsUSBvWn75qGIMMgLei0]]></FromUserName>
<CreateTime>1554874847</CreateTime>
<MsgType><![CDATA[event]]></MsgType>
<Event><![CDATA[unsubscribe]]></Event>
<EventKey><![CDATA[]]></EventKey>
</xml>
2019-04-10 06:34:16<xml><ToUserName><![CDATA[gh_c2febf46884d]]></ToUserName>
<FromUserName><![CDATA[ogqLA58RDsUSBvWn75qGIMMgLei0]]></FromUserName>
<CreateTime>1554878056</CreateTime>
<MsgType><![CDATA[event]]></MsgType>
<Event><![CDATA[subscribe]]></Event>
<EventKey><![CDATA[]]></EventKey>
</xml>
2019-04-10 06:34:51<xml><ToUserName><![CDATA[gh_c2febf46884d]]></ToUserName>
<FromUserName><![CDATA[ogqLA58RDsUSBvWn75qGIMMgLei0]]></FromUserName>
<CreateTime>1554878091</CreateTime>
<MsgType><![CDATA[event]]></MsgType>
<Event><![CDATA[unsubscribe]]></Event>
<EventKey><![CDATA[]]></EventKey>
</xml>
2019-04-10 07:06:01<xml><ToUserName><![CDATA[gh_c2febf46884d]]></ToUserName>
<FromUserName><![CDATA[ogqLA58RDsUSBvWn75qGIMMgLei0]]></FromUserName>
<CreateTime>1554879961</CreateTime>
<MsgType><![CDATA[event]]></MsgType>
<Event><![CDATA[subscribe]]></Event>
<EventKey><![CDATA[]]></EventKey>
</xml>
2019-04-10 07:06:53<xml><ToUserName><![CDATA[gh_c2febf46884d]]></ToUserName>
<FromUserName><![CDATA[ogqLA58RDsUSBvWn75qGIMMgLei0]]></FromUserName>
<CreateTime>1554880013</CreateTime>
<MsgType><![CDATA[event]]></MsgType>
<Event><![CDATA[unsubscribe]]></Event>
<EventKey><![CDATA[]]></EventKey>
</xml>
2019-04-10 07:07:03<xml><ToUserName><![CDATA[gh_c2febf46884d]]></ToUserName>
<FromUserName><![CDATA[ogqLA58RDsUSBvWn75qGIMMgLei0]]></FromUserName>
<CreateTime>1554880023</CreateTime>
<MsgType><![CDATA[event]]></MsgType>
<Event><![CDATA[subscribe]]></Event>
<EventKey><![CDATA[]]></EventKey>
</xml>
2019-04-10 07:08:35<xml><ToUserName><![CDATA[gh_c2febf46884d]]></ToUserName>
<FromUserName><![CDATA[ogqLA58RDsUSBvWn75qGIMMgLei0]]></FromUserName>
<CreateTime>1554880115</CreateTime>
<MsgType><![CDATA[event]]></MsgType>
<Event><![CDATA[unsubscribe]]></Event>
<EventKey><![CDATA[]]></EventKey>
</xml>
2019-04-10 07:08:43<xml><ToUserName><![CDATA[gh_c2febf46884d]]></ToUserName>
<FromUserName><![CDATA[ogqLA58RDsUSBvWn75qGIMMgLei0]]></FromUserName>
<CreateTime>1554880123</CreateTime>
<MsgType><![CDATA[event]]></MsgType>
<Event><![CDATA[subscribe]]></Event>
<EventKey><![CDATA[]]></EventKey>
</xml>
2019-04-10 07:14:32<xml><ToUserName><![CDATA[gh_c2febf46884d]]></ToUserName>
<FromUserName><![CDATA[ogqLA58RDsUSBvWn75qGIMMgLei0]]></FromUserName>
<CreateTime>1554880123</CreateTime>
<MsgType><![CDATA[event]]></MsgType>
<Event><![CDATA[subscribe]]></Event>
<EventKey><![CDATA[]]></EventKey>
</xml>


2019-04-10 07:26:03<xml><ToUserName><![CDATA[gh_c2febf46884d]]></ToUserName>
<FromUserName><![CDATA[ogqLA58RDsUSBvWn75qGIMMgLei0]]></FromUserName>
<CreateTime>1554880123</CreateTime>
<MsgType><![CDATA[event]]></MsgType>
<Event><![CDATA[subscribe]]></Event>
<EventKey><![CDATA[]]></EventKey>
</xml>


2019-04-10 07:31:54<xml><ToUserName><![CDATA[gh_c2febf46884d]]></ToUserName>
<FromUserName><![CDATA[ogqLA58RDsUSBvWn75qGIMMgLei0]]></FromUserName>
<CreateTime>1554880123</CreateTime>
<MsgType><![CDATA[event]]></MsgType>
<Event><![CDATA[subscribe]]></Event>
<EventKey><![CDATA[]]></EventKey>
</xml>


2019-04-10 10:06:50<xml><ToUserName><![CDATA[gh_c2febf46884d]]></ToUserName>
<FromUserName><![CDATA[ogqLA58RDsUSBvWn75qGIMMgLei0]]></FromUserName>
<CreateTime>1554880123</CreateTime>
<MsgType><![CDATA[event]]></MsgType>
<Event><![CDATA[subscribe]]></Event>
<EventKey><![CDATA[]]></EventKey>
</xml>


2019-04-10 10:16:39<xml><ToUserName><![CDATA[gh_c2febf46884d]]></ToUserName>
<FromUserName><![CDATA[ogqLA58RDsUSBvWn75qGIMMgLei0]]></FromUserName>
<CreateTime>1554880123</CreateTime>
<MsgType><![CDATA[event]]></MsgType>
<Event><![CDATA[subscribe]]></Event>
<EventKey><![CDATA[]]></EventKey>
</xml>


2019-04-10 10:19:01<xml><ToUserName><![CDATA[gh_de1c8ade602d]]></ToUserName>
		<FromUserName><![CDATA[oLreB1jAnJFzV_8AGWUZlfuaoQto]]></FromUserName>
		<CreateTime>1554864748</CreateTime>
		<MsgType><![CDATA[event]]></MsgType>
		<Event><![CDATA[subscribe]]></Event>
		<EventKey><![CDATA[]]></EventKey>
</xml>


2019-04-10 10:27:40<xml><ToUserName><![CDATA[gh_de1c8ade602d]]></ToUserName>
		<FromUserName><![CDATA[oLreB1jAnJFzV_8AGWUZlfuaoQto]]></FromUserName>
		<CreateTime>1554864748</CreateTime>
		<MsgType><![CDATA[event]]></MsgType>
		<Event><![CDATA[subscribe]]></Event>
		<EventKey><![CDATA[]]></EventKey>
</xml>


2019-04-10 10:46:54<xml><ToUserName><![CDATA[gh_de1c8ade602d]]></ToUserName>
		<FromUserName><![CDATA[oLreB1jAnJFzV_8AGWUZlfuaoQto]]></FromUserName>
		<CreateTime>1554864748</CreateTime>
		<MsgType><![CDATA[event]]></MsgType>
		<Event><![CDATA[subscribe]]></Event>
		<EventKey><![CDATA[]]></EventKey>
</xml>


2019-04-10 10:54:37<xml><ToUserName><![CDATA[gh_de1c8ade602d]]></ToUserName>
		<FromUserName><![CDATA[oLreB1jAnJFzV_8AGWUZlfuaoQto]]></FromUserName>
		<CreateTime>1554864748</CreateTime>
		<MsgType><![CDATA[event]]></MsgType>
		<Event><![CDATA[subscribe]]></Event>
		<EventKey><![CDATA[]]></EventKey>
</xml>


2019-04-10 10:57:50<xml><ToUserName><![CDATA[gh_de1c8ade602d]]></ToUserName>
		<FromUserName><![CDATA[oLreB1jAnJFzV_8AGWUZlfuaoQto]]></FromUserName>
		<CreateTime>1554864748</CreateTime>
		<MsgType><![CDATA[event]]></MsgType>
		<Event><![CDATA[subscribe]]></Event>
		<EventKey><![CDATA[]]></EventKey>
</xml>


2019-04-10 10:58:09<xml><ToUserName><![CDATA[gh_de1c8ade602d]]></ToUserName>
		<FromUserName><![CDATA[oLreB1jAnJFzV_8AGWUZlfuaoQto]]></FromUserName>
		<CreateTime>1554864748</CreateTime>
		<MsgType><![CDATA[event]]></MsgType>
		<Event><![CDATA[subscribe]]></Event>
		<EventKey><![CDATA[]]></EventKey>
</xml>


2019-04-10 11:01:26<xml><ToUserName><![CDATA[gh_de1c8ade602d]]></ToUserName>
		<FromUserName><![CDATA[oLreB1jAnJFzV_8AGWUZlfuaoQto]]></FromUserName>
		<CreateTime>1554864748</CreateTime>
		<MsgType><![CDATA[event]]></MsgType>
		<Event><![CDATA[subscribe]]></Event>
		<EventKey><![CDATA[]]></EventKey>
</xml>


2019-04-10 11:03:06<xml><ToUserName><![CDATA[gh_de1c8ade602d]]></ToUserName>
		<FromUserName><![CDATA[oLreB1jAnJFzV_8AGWUZlfuaoQto]]></FromUserName>
		<CreateTime>1554864748</CreateTime>
		<MsgType><![CDATA[event]]></MsgType>
		<Event><![CDATA[subscribe]]></Event>
		<EventKey><![CDATA[]]></EventKey>
</xml>


2019-04-10 11:05:33<xml><ToUserName><![CDATA[gh_de1c8ade602d]]></ToUserName>
		<FromUserName><![CDATA[oLreB1jAnJFzV_8AGWUZlfuaoQto]]></FromUserName>
		<CreateTime>1554864748</CreateTime>
		<MsgType><![CDATA[event]]></MsgType>
		<Event><![CDATA[subscribe]]></Event>
		<EventKey><![CDATA[]]></EventKey>
</xml>


